2022-12-31T10:30:24.709Z | [31merror[39m: /favicon.ico not found 
2022-12-31T10:30:24.734Z | [32mhttp[39m: GET /favicon.ico 404 63 - 27.752 ms 
2022-12-31T10:30:39.044Z | [31merror[39m: /users not found 
2022-12-31T10:30:39.057Z | [32mhttp[39m: GET /users 404 57 - 36.205 ms 
2022-12-31T10:30:49.502Z | [31merror[39m: /users/me not found 
2022-12-31T10:30:49.511Z | [32mhttp[39m: GET /users/me 404 60 - 7.890 ms 
2022-12-31T10:32:32.972Z | [31merror[39m: /users not found 
2022-12-31T10:32:33.008Z | [32mhttp[39m: GET /users 404 57 - 78.307 ms 
2022-12-31T10:32:57.910Z | [31merror[39m: /users not found 
2022-12-31T10:32:57.922Z | [32mhttp[39m: GET /users 404 57 - 12.936 ms 
2022-12-31T10:34:04.169Z | [31merror[39m: /users not found 
2022-12-31T10:34:04.187Z | [32mhttp[39m: GET /users 404 57 - 34.318 ms 
2022-12-31T10:34:54.724Z | [31merror[39m: /api/users not found 
2022-12-31T10:34:54.729Z | [32mhttp[39m: GET /api/users 404 61 - 7.746 ms 
2022-12-31T10:35:05.948Z | [31merror[39m: Cannot read property 'id' of undefined 
2022-12-31T10:35:05.971Z | [32mhttp[39m: GET /api/ 500 79 - 24.556 ms 
2023-01-02T06:52:21.589Z | [31merror[39m: Unexpected token e in JSON at position 0 
2023-01-02T06:52:21.596Z | [32mhttp[39m: POST /api/request 400 81 - 26.384 ms 
2023-01-02T06:52:59.219Z | [31merror[39m: Unexpected token c in JSON at position 7 
2023-01-02T06:52:59.221Z | [32mhttp[39m: POST /api/request 400 81 - 3.032 ms 
2023-01-02T06:53:26.106Z | [31merror[39m: /api/request not found 
2023-01-02T06:53:26.107Z | [32mhttp[39m: POST /api/request 404 63 - 2.613 ms 
2023-01-02T06:54:38.498Z | [31merror[39m: Cannot read property 'error' of undefined 
2023-01-02T06:54:38.512Z | [32mhttp[39m: POST /api/request 500 82 - 25.981 ms 
2023-01-02T06:55:32.378Z | [31merror[39m: Cannot read property 'error' of undefined 
2023-01-02T06:55:32.387Z | [32mhttp[39m: POST /api/request 500 82 - 29.881 ms 
2023-01-02T07:09:12.358Z | [31merror[39m: Cannot read property 'error' of undefined 
2023-01-02T07:09:12.368Z | [32mhttp[39m: POST /api/request 500 82 - 26.379 ms 
2023-01-02T07:09:48.420Z | [31merror[39m: Cannot read property 'error' of undefined 
2023-01-02T07:09:48.431Z | [32mhttp[39m: POST /api/request 500 82 - 25.127 ms 
2023-01-02T07:24:26.528Z | [31merror[39m: Unexpected token u in JSON at position 2 
2023-01-02T07:24:26.534Z | [32mhttp[39m: POST /api/user 400 81 - 20.876 ms 
2023-01-02T07:24:47.686Z | [31merror[39m: Cannot read property 'error' of undefined 
2023-01-02T07:24:47.705Z | [32mhttp[39m: POST /api/user 500 82 - 33.672 ms 
2023-01-02T07:25:57.981Z | [31merror[39m: Cannot read property 'error' of undefined 
2023-01-02T07:25:57.999Z | [32mhttp[39m: POST /api/user 500 82 - 44.199 ms 
2023-01-02T07:26:41.892Z | [31merror[39m: Cannot read property 'error' of undefined 
2023-01-02T07:26:41.903Z | [32mhttp[39m: POST /api/user 500 82 - 40.022 ms 
2023-01-02T09:12:28.410Z | [31merror[39m: Cannot read property 'error' of undefined 
2023-01-02T09:12:28.430Z | [32mhttp[39m: POST /api/user 500 82 - 158.300 ms 
2023-01-02T09:13:07.481Z | [31merror[39m: Cannot read property 'error' of undefined 
2023-01-02T09:13:07.489Z | [32mhttp[39m: POST /api/user 500 82 - 27.312 ms 
2023-01-02T09:13:35.098Z | [31merror[39m: Cannot read property 'error' of undefined 
2023-01-02T09:13:35.107Z | [32mhttp[39m: POST /api/user 500 82 - 35.981 ms 
2023-01-02T09:17:20.363Z | [31merror[39m: Cannot read property 'error' of undefined 
2023-01-02T09:17:20.408Z | [32mhttp[39m: POST /api/user 500 82 - 23898.716 ms 
2023-01-02T09:30:16.589Z | [31merror[39m: Cannot read property 'error' of undefined 
2023-01-02T09:30:16.596Z | [32mhttp[39m: POST /api/user 500 82 - 42.336 ms 
2023-01-02T09:44:24.738Z | [31merror[39m: Cannot read property 'error' of undefined 
2023-01-02T09:44:24.757Z | [32mhttp[39m: POST /api/user 500 82 - 377.143 ms 
2023-01-02T09:47:11.294Z | [31merror[39m: Cannot read property 'error' of undefined 
2023-01-02T09:47:11.323Z | [32mhttp[39m: POST /api/user 500 82 - 58145.919 ms 
2023-01-02T09:52:44.794Z | [31merror[39m: Service "requestModel" was not found, looks like it was not registered in the container. Register it by calling Container.set("requestModel", ...) before using service. 
2023-01-02T09:52:44.871Z | [32mhttp[39m: POST /api/request 500 213 - 95.511 ms 
2023-01-02T09:53:43.246Z | [31merror[39m: Service "requestModel" was not found, looks like it was not registered in the container. Register it by calling Container.set("requestModel", ...) before using service. 
2023-01-02T09:53:43.273Z | [32mhttp[39m: POST /api/request 500 213 - 41.215 ms 
2023-01-02T09:54:30.940Z | [31merror[39m: Service "requestModel" was not found, looks like it was not registered in the container. Register it by calling Container.set("requestModel", ...) before using service. 
2023-01-02T09:54:30.992Z | [32mhttp[39m: POST /api/request 500 213 - 66.814 ms 
2023-01-02T09:56:49.799Z | [31merror[39m: this.logger.error is not a function 
2023-01-02T09:56:49.811Z | [32mhttp[39m: POST /api/request 500 76 - 34.235 ms 
2023-01-02T10:00:06.016Z | [31merror[39m: this.logger.error is not a function 
2023-01-02T10:00:06.025Z | [32mhttp[39m: POST /api/request 500 76 - 47.017 ms 
2023-01-02T12:05:49.652Z | [31merror[39m: Service "requestModel" was not found, looks like it was not registered in the container. Register it by calling Container.set("requestModel", ...) before using service. 
2023-01-02T12:05:49.720Z | [32mhttp[39m: POST /api/request 500 213 - 103.975 ms 
2023-01-02T12:22:32.286Z | [31merror[39m: Service "requestModel" was not found, looks like it was not registered in the container. Register it by calling Container.set("requestModel", ...) before using service. 
2023-01-02T12:22:32.323Z | [32mhttp[39m: POST /api/request 500 213 - 53.233 ms 
2023-01-02T12:32:25.069Z | [31merror[39m: Service "requestModel" was not found, looks like it was not registered in the container. Register it by calling Container.set("requestModel", ...) before using service. 
2023-01-02T12:32:25.162Z | [32mhttp[39m: POST /api/request 500 213 - 105.884 ms 
2023-01-02T12:34:46.691Z | [31merror[39m: Service "requestModel" was not found, looks like it was not registered in the container. Register it by calling Container.set("requestModel", ...) before using service. 
2023-01-02T12:34:46.758Z | [32mhttp[39m: POST /api/request 500 213 - 97.249 ms 
2023-01-02T12:39:01.526Z | [31merror[39m: Service "requestModel" was not found, looks like it was not registered in the container. Register it by calling Container.set("requestModel", ...) before using service. 
2023-01-02T12:39:01.604Z | [32mhttp[39m: POST /api/request 500 213 - 7267.083 ms 
2023-01-02T12:39:58.294Z | [31merror[39m: Service "requestModel" was not found, looks like it was not registered in the container. Register it by calling Container.set("requestModel", ...) before using service. 
2023-01-02T12:39:58.417Z | [32mhttp[39m: POST /api/request 500 213 - 3644.433 ms 
2023-01-02T12:48:00.761Z | [32mhttp[39m: POST /api/request 200 300 - 13934.993 ms 
2023-01-02T14:01:32.355Z | [32mhttp[39m: OPTIONS /request 204 0 - 6.215 ms 
2023-01-02T14:01:32.417Z | [31merror[39m: /request not found 
2023-01-02T14:01:32.440Z | [32mhttp[39m: POST /request 404 59 - 66.234 ms 
2023-01-02T14:02:23.284Z | [32mhttp[39m: OPTIONS /request 204 0 - 0.578 ms 
2023-01-02T14:02:23.296Z | [31merror[39m: /request not found 
2023-01-02T14:02:23.319Z | [32mhttp[39m: POST /request 404 59 - 19.233 ms 
2023-01-02T14:03:24.420Z | [32mhttp[39m: OPTIONS /api/request 204 0 - 0.324 ms 
2023-01-02T14:03:39.246Z | [32mhttp[39m: POST /api/request 200 197 - 14812.501 ms 
2023-01-02T14:51:23.421Z | [32mhttp[39m: OPTIONS /api/request 204 0 - 0.487 ms 
2023-01-02T14:51:23.516Z | [32mhttp[39m: POST /api/request 200 169 - 64.379 ms 
2023-01-02T14:51:59.564Z | [32mhttp[39m: OPTIONS /api/request 204 0 - 0.418 ms 
2023-01-02T14:51:59.594Z | [32mhttp[39m: POST /api/request 200 169 - 20.574 ms 
2023-01-02T14:55:33.951Z | [32mhttp[39m: OPTIONS /api/request 204 0 - 0.538 ms 
2023-01-02T14:55:33.992Z | [32mhttp[39m: POST /api/request 200 168 - 26.612 ms 
2023-01-02T14:55:34.831Z | [32mhttp[39m: POST /api/request 200 168 - 29.566 ms 
2023-01-02T14:55:36.104Z | [32mhttp[39m: POST /api/request 200 168 - 27.950 ms 
2023-01-02T14:55:36.451Z | [32mhttp[39m: POST /api/request 200 168 - 19.459 ms 
2023-01-02T14:55:42.113Z | [32mhttp[39m: OPTIONS /api/request 204 0 - 0.526 ms 
2023-01-02T14:55:42.160Z | [32mhttp[39m: POST /api/request 200 168 - 32.062 ms 
2023-01-02T14:58:21.877Z | [32mhttp[39m: OPTIONS /api/request 204 0 - 0.442 ms 
2023-01-02T14:58:21.924Z | [32mhttp[39m: POST /api/request 200 168 - 33.012 ms 
2023-01-02T15:00:39.746Z | [32mhttp[39m: OPTIONS /api/request 204 0 - 0.498 ms 
2023-01-02T15:00:39.784Z | [32mhttp[39m: POST /api/request 200 168 - 24.579 ms 
2023-01-02T15:00:40.951Z | [32mhttp[39m: POST /api/request 200 168 - 30.282 ms 
2023-01-02T15:00:41.168Z | [32mhttp[39m: POST /api/request 200 168 - 21.930 ms 
2023-01-02T15:00:41.394Z | [32mhttp[39m: POST /api/request 200 168 - 23.495 ms 
2023-01-02T15:01:15.465Z | [32mhttp[39m: OPTIONS /api/request 204 0 - 0.359 ms 
2023-01-02T15:01:15.505Z | [32mhttp[39m: POST /api/request 200 168 - 28.987 ms 
2023-01-02T15:03:40.423Z | [32mhttp[39m: OPTIONS /api/request 204 0 - 0.462 ms 
2023-01-02T15:03:40.463Z | [32mhttp[39m: POST /api/request 200 169 - 28.197 ms 
2023-01-02T15:03:41.660Z | [32mhttp[39m: POST /api/request 200 169 - 19.897 ms 
2023-01-02T15:03:42.140Z | [32mhttp[39m: POST /api/request 200 169 - 21.467 ms 
2023-01-02T15:03:42.377Z | [32mhttp[39m: POST /api/request 200 169 - 25.252 ms 
2023-01-02T15:03:42.528Z | [32mhttp[39m: POST /api/request 200 169 - 23.925 ms 
2023-01-02T15:03:42.709Z | [32mhttp[39m: POST /api/request 200 169 - 20.900 ms 
2023-01-02T15:03:42.932Z | [32mhttp[39m: POST /api/request 200 169 - 26.522 ms 
2023-01-02T15:03:52.591Z | [32mhttp[39m: OPTIONS /api/request 204 0 - 0.380 ms 
2023-01-02T15:03:52.624Z | [32mhttp[39m: POST /api/request 200 169 - 25.677 ms 
2023-01-02T15:04:24.548Z | [32mhttp[39m: OPTIONS /api/request 204 0 - 0.656 ms 
2023-01-02T15:04:24.592Z | [32mhttp[39m: POST /api/request 200 169 - 29.254 ms 
2023-01-02T15:08:23.900Z | [32mhttp[39m: OPTIONS /api/request 204 0 - 0.378 ms 
2023-01-02T15:08:23.928Z | [32mhttp[39m: POST /api/request 200 169 - 21.456 ms 
2023-01-02T15:09:47.191Z | [32mhttp[39m: OPTIONS /api/request 204 0 - 0.441 ms 
2023-01-02T15:09:47.228Z | [32mhttp[39m: POST /api/request 200 169 - 26.336 ms 
2023-01-02T15:12:08.533Z | [32mhttp[39m: OPTIONS /api/request 204 0 - 0.382 ms 
2023-01-02T15:12:08.564Z | [32mhttp[39m: POST /api/request 200 170 - 21.124 ms 
2023-01-02T15:12:25.897Z | [32mhttp[39m: OPTIONS /api/request 204 0 - 0.573 ms 
2023-01-02T15:12:25.935Z | [32mhttp[39m: POST /api/request 200 170 - 24.681 ms 
2023-01-02T15:13:04.374Z | [32mhttp[39m: OPTIONS /api/request 204 0 - 0.285 ms 
2023-01-02T15:13:04.393Z | [32mhttp[39m: POST /api/request 200 170 - 11.657 ms 
2023-01-02T15:18:44.391Z | [32mhttp[39m: GET /api/request 200 4792 - 131.658 ms 
2023-01-02T15:21:40.619Z | [32mhttp[39m: GET /api/request 304 - - 54.437 ms 
2023-01-02T15:21:42.528Z | [32mhttp[39m: GET /api/request 304 - - 43.716 ms 
2023-01-02T15:22:30.761Z | [32mhttp[39m: GET /api/request 304 - - 28.737 ms 
2023-01-02T15:25:19.962Z | [32mhttp[39m: GET /api/request 304 - - 25.066 ms 
2023-01-02T15:25:37.136Z | [32mhttp[39m: GET /api/request 304 - - 30.701 ms 
2023-01-02T15:26:00.724Z | [32mhttp[39m: GET /api/request 304 - - 37.259 ms 
2023-01-02T15:26:25.142Z | [32mhttp[39m: GET /api/request 304 - - 36.620 ms 
2023-01-02T15:27:48.687Z | [32mhttp[39m: GET /api/request 304 - - 22.512 ms 
2023-01-02T15:28:24.433Z | [32mhttp[39m: GET /api/request 304 - - 28.435 ms 
2023-01-02T15:39:56.496Z | [32mhttp[39m: GET /api/request 304 - - 33.367 ms 
2023-01-02T15:40:38.797Z | [32mhttp[39m: GET /api/request 304 - - 31.271 ms 
2023-01-02T15:41:26.761Z | [32mhttp[39m: GET /api/request 304 - - 21.733 ms 
2023-01-03T07:05:43.964Z | [32mhttp[39m: GET /api/request 304 - - 213.836 ms 
2023-01-03T07:05:44.006Z | [32mhttp[39m: GET /api/request 304 - - 30.282 ms 
2023-01-03T07:12:54.318Z | [32mhttp[39m: GET /api/request 304 - - 22.854 ms 
2023-01-03T07:12:54.367Z | [32mhttp[39m: GET /api/request 304 - - 43.956 ms 
2023-01-03T07:13:49.582Z | [32mhttp[39m: GET /api/request 200 4792 - 19.769 ms 
2023-01-03T07:13:49.603Z | [32mhttp[39m: GET /api/request 304 - - 17.700 ms 
2023-01-03T07:14:08.630Z | [32mhttp[39m: GET /api/request 304 - - 15.990 ms 
2023-01-03T07:14:08.659Z | [32mhttp[39m: GET /api/request 304 - - 24.579 ms 
2023-01-03T07:16:03.411Z | [32mhttp[39m: GET /api/request 304 - - 13.093 ms 
2023-01-03T07:16:03.432Z | [32mhttp[39m: GET /api/request 304 - - 18.259 ms 
2023-01-03T07:17:00.312Z | [32mhttp[39m: GET /api/request 304 - - 16.870 ms 
2023-01-03T07:17:00.325Z | [32mhttp[39m: GET /api/request 304 - - 9.799 ms 
2023-01-03T07:31:21.892Z | [32mhttp[39m: OPTIONS /api/user/login 204 0 - 0.669 ms 
2023-01-03T07:31:21.975Z | [31merror[39m: Cannot read property 'plugin' of undefined 
2023-01-03T07:31:22.017Z | [32mhttp[39m: POST /api/user/login 500 83 - 123.104 ms 
2023-01-03T07:33:02.391Z | [32mhttp[39m: OPTIONS /api/user/login 204 0 - 2.680 ms 
2023-01-03T07:33:02.450Z | [31merror[39m: Cannot read property 'plugin' of undefined 
2023-01-03T07:33:02.498Z | [32mhttp[39m: POST /api/user/login 500 83 - 94.586 ms 
2023-01-03T07:33:37.492Z | [32mhttp[39m: OPTIONS /api/user/login 204 0 - 0.394 ms 
2023-01-03T07:33:43.388Z | [31merror[39m: Cannot read property 'plugin' of undefined 
2023-01-03T07:33:43.399Z | [32mhttp[39m: POST /api/user/login 500 83 - 5899.967 ms 
2023-01-03T07:34:26.943Z | [32mhttp[39m: OPTIONS /api/user/login 204 0 - 0.198 ms 
2023-01-03T07:35:02.574Z | [31merror[39m: Cannot read property 'plugin' of undefined 
2023-01-03T07:35:02.581Z | [32mhttp[39m: POST /api/user/login 500 83 - 35630.266 ms 
2023-01-03T07:36:46.336Z | [32mhttp[39m: OPTIONS /api/user/login 204 0 - 3.065 ms 
2023-01-03T07:36:46.804Z | [32mhttp[39m: POST /api/user/login - - - - ms 
2023-01-03T07:39:00.275Z | [31merror[39m: An instance of UserSignupDto has failed the validation:
 - property email has failed the following constraints: isEmail 
2023-01-03T07:39:00.308Z | [32mhttp[39m: POST /api/user 400 161 - 84.722 ms 
2023-01-03T07:44:18.526Z | [32mhttp[39m: POST /api/user/login - - - - ms 
2023-01-03T07:44:47.318Z | [31merror[39m: RegisterUser: Error jsonwebtoken 
2023-01-03T07:44:47.325Z | [32mhttp[39m: POST /api/user/ 403 73 - 134.165 ms 
2023-01-03T07:45:48.043Z | [31merror[39m: A user with username Raj already exists 
2023-01-03T07:45:48.048Z | [32mhttp[39m: POST /api/user/ 409 80 - 84.363 ms 
2023-01-03T07:45:56.499Z | [31merror[39m: RegisterUser: Error jsonwebtoken 
2023-01-03T07:45:56.503Z | [32mhttp[39m: POST /api/user/ 403 73 - 193.827 ms 
2023-01-03T07:49:47.855Z | [32mhttp[39m: POST /api/user/login 200 195 - 14695.476 ms 
2023-01-03T08:23:43.662Z | [32mhttp[39m: OPTIONS /api/user/login 204 0 - 3.051 ms 
2023-01-03T08:24:00.398Z | [32mhttp[39m: POST /api/user/login - - - - ms 
2023-01-03T08:24:25.495Z | [32mhttp[39m: OPTIONS /api/user/login 204 0 - 0.502 ms 
2023-01-03T08:24:25.666Z | [32mhttp[39m: POST /api/user/login 200 252 - 156.191 ms 
2023-01-03T08:24:47.971Z | [32mhttp[39m: POST /api/user/login 200 252 - 110.241 ms 
2023-01-03T08:25:00.329Z | [32mhttp[39m: OPTIONS /api/user/login 204 0 - 0.338 ms 
2023-01-03T08:25:00.538Z | [32mhttp[39m: POST /api/user/login 200 252 - 171.877 ms 
2023-01-03T08:25:33.507Z | [32mhttp[39m: OPTIONS /api/user/login 204 0 - 0.580 ms 
2023-01-03T08:25:33.621Z | [32mhttp[39m: POST /api/user/login 200 252 - 98.871 ms 
2023-01-03T08:30:11.395Z | [32mhttp[39m: OPTIONS /api/user/login 204 0 - 0.703 ms 
2023-01-03T08:30:11.498Z | [32mhttp[39m: POST /api/user/login - - - - ms 
2023-01-03T08:30:54.482Z | [32mhttp[39m: OPTIONS /api/user/login 204 0 - 0.869 ms 
2023-01-03T08:30:54.651Z | [32mhttp[39m: POST /api/user/login - - - - ms 
2023-01-03T08:33:35.373Z | [32mhttp[39m: OPTIONS /api/user/login 204 0 - 0.482 ms 
2023-01-03T08:33:35.481Z | [32mhttp[39m: POST /api/user/login 200 252 - 98.427 ms 
2023-01-03T08:34:24.132Z | [32mhttp[39m: OPTIONS /api/user/login 204 0 - 0.924 ms 
2023-01-03T08:34:24.269Z | [32mhttp[39m: POST /api/user/login - - - - ms 
2023-01-03T08:35:08.054Z | [32mhttp[39m: OPTIONS /api/user/login 204 0 - 0.266 ms 
2023-01-03T08:35:08.146Z | [32mhttp[39m: POST /api/user/login 200 252 - 84.867 ms 
2023-01-03T08:37:00.190Z | [32mhttp[39m: OPTIONS /api/user/login 204 0 - 0.414 ms 
2023-01-03T08:37:00.370Z | [32mhttp[39m: POST /api/user/login 200 252 - 170.605 ms 
2023-01-03T08:37:02.179Z | [32mhttp[39m: POST /api/user/login 200 252 - 207.512 ms 
2023-01-03T08:37:24.521Z | [32mhttp[39m: OPTIONS /api/user/login 204 0 - 0.549 ms 
2023-01-03T08:37:24.622Z | [32mhttp[39m: POST /api/user/login 200 252 - 91.727 ms 
2023-01-03T08:38:01.562Z | [32mhttp[39m: OPTIONS /api/user/login 204 0 - 0.329 ms 
2023-01-03T08:38:01.653Z | [32mhttp[39m: POST /api/user/login 200 252 - 85.006 ms 
2023-01-03T08:46:29.989Z | [32mhttp[39m: OPTIONS /api/user/login 204 0 - 4.062 ms 
2023-01-03T08:46:30.248Z | [32mhttp[39m: POST /api/user/login 200 271 - 248.774 ms 
2023-01-03T08:48:00.089Z | [32mhttp[39m: GET /api/request 304 - - 89797.398 ms 
2023-01-03T08:48:00.123Z | [32mhttp[39m: OPTIONS /api/user/login 204 0 - 0.226 ms 
2023-01-03T08:48:00.133Z | [32mhttp[39m: OPTIONS /api/user/login 204 0 - 0.476 ms 
2023-01-03T08:48:00.142Z | [32mhttp[39m: OPTIONS /api/user/login 204 0 - 0.221 ms 
2023-01-03T08:48:00.152Z | [32mhttp[39m: OPTIONS /api/user/login 204 0 - 0.249 ms 
2023-01-03T08:48:00.166Z | [32mhttp[39m: OPTIONS /api/user/login 204 0 - 2.600 ms 
2023-01-03T08:48:00.183Z | [32mhttp[39m: OPTIONS /api/user/login 204 0 - 0.581 ms 
2023-01-03T08:48:00.202Z | [32mhttp[39m: OPTIONS /api/user/login 204 0 - 1.704 ms 
2023-01-03T08:48:00.220Z | [32mhttp[39m: OPTIONS /api/user/login 204 0 - 0.750 ms 
2023-01-03T08:48:00.307Z | [32mhttp[39m: GET /api/request - - - - ms 
2023-01-03T08:48:00.637Z | [32mhttp[39m: POST /api/user/login 200 272 - 402.394 ms 
2023-01-03T08:48:00.658Z | [32mhttp[39m: POST /api/user/login 200 272 - 399.547 ms 
2023-01-03T08:48:00.674Z | [32mhttp[39m: POST /api/user/login 200 272 - 395.814 ms 
2023-01-03T08:48:00.694Z | [32mhttp[39m: POST /api/user/login 200 272 - 401.054 ms 
2023-01-03T08:48:00.751Z | [32mhttp[39m: POST /api/user/login 200 272 - 430.069 ms 
2023-01-03T08:48:00.771Z | [32mhttp[39m: POST /api/user/login 200 272 - 434.660 ms 
2023-01-03T08:48:00.850Z | [32mhttp[39m: POST /api/user/login 200 272 - 140.802 ms 
2023-01-03T08:48:00.868Z | [32mhttp[39m: POST /api/user/login 200 272 - 137.653 ms 
2023-01-03T08:54:04.214Z | [32mhttp[39m: OPTIONS /api/user/login 204 0 - 0.541 ms 
2023-01-03T08:54:04.434Z | [32mhttp[39m: POST /api/user/login 200 276 - 201.797 ms 
2023-01-03T08:57:44.081Z | [32mhttp[39m: OPTIONS /api/user/login 204 0 - 0.430 ms 
2023-01-03T08:57:44.227Z | [32mhttp[39m: POST /api/user/login 200 276 - 128.003 ms 
2023-01-03T08:57:58.247Z | [32mhttp[39m: OPTIONS /api/user/login 204 0 - 1.109 ms 
2023-01-03T08:57:58.439Z | [32mhttp[39m: POST /api/user/login 200 272 - 168.268 ms 
2023-01-03T09:03:21.908Z | [32mhttp[39m: OPTIONS /api/user/login 204 0 - 0.482 ms 
2023-01-03T09:03:22.088Z | [32mhttp[39m: POST /api/user/login 200 272 - 167.516 ms 
2023-01-03T09:04:08.274Z | [32mhttp[39m: OPTIONS /api/user/login 204 0 - 0.142 ms 
2023-01-03T09:04:08.367Z | [32mhttp[39m: POST /api/user/login 200 272 - 88.096 ms 
2023-01-03T09:23:18.737Z | [32mhttp[39m: OPTIONS /api/user/login 204 0 - 0.186 ms 
2023-01-03T09:23:18.823Z | [32mhttp[39m: POST /api/user/login 200 272 - 78.866 ms 
2023-01-03T09:33:51.545Z | [32mhttp[39m: OPTIONS /api/user/login 204 0 - 0.391 ms 
2023-01-03T09:33:51.641Z | [32mhttp[39m: POST /api/user/login 200 272 - 86.473 ms 
2023-01-03T09:34:45.751Z | [32mhttp[39m: OPTIONS /api/user/login 204 0 - 1.019 ms 
2023-01-03T09:34:45.835Z | [32mhttp[39m: POST /api/user/login 200 272 - 78.569 ms 
2023-01-03T09:37:36.263Z | [32mhttp[39m: OPTIONS /api/user/login 204 0 - 0.143 ms 
2023-01-03T09:37:36.341Z | [32mhttp[39m: POST /api/user/login 200 272 - 72.913 ms 
2023-01-03T09:38:11.882Z | [32mhttp[39m: OPTIONS /api/user/login 204 0 - 0.303 ms 
2023-01-03T09:38:11.966Z | [32mhttp[39m: POST /api/user/login 200 272 - 79.837 ms 
2023-01-04T12:04:58.126Z | [32mhttp[39m: OPTIONS /api/user/login 204 0 - 10.321 ms 
2023-01-04T12:04:58.414Z | [32mhttp[39m: POST /api/user/login 200 272 - 277.679 ms 
2023-01-04T12:10:07.233Z | [32mhttp[39m: OPTIONS /api/user/login 204 0 - 0.569 ms 
2023-01-04T12:10:07.369Z | [32mhttp[39m: POST /api/user/login 200 272 - 131.724 ms 
2023-01-04T12:12:24.946Z | [32mhttp[39m: OPTIONS /api/user/login 204 0 - 0.225 ms 
2023-01-04T12:12:25.032Z | [32mhttp[39m: POST /api/user/login 200 272 - 83.265 ms 
2023-01-04T12:12:27.803Z | [32mhttp[39m: POST /api/user/login 200 272 - 155.404 ms 
2023-01-04T12:17:52.942Z | [32mhttp[39m: OPTIONS /api/user/login 204 0 - 0.857 ms 
2023-01-04T12:17:53.053Z | [32mhttp[39m: POST /api/user/login 200 272 - 104.213 ms 
2023-01-04T12:17:53.148Z | [32mhttp[39m: GET /api/request 200 4792 - 33.726 ms 
2023-01-04T12:17:53.180Z | [32mhttp[39m: GET /api/request 304 - - 27.314 ms 
2023-01-04T12:21:20.916Z | [32mhttp[39m: GET /api/request 304 - - 16.982 ms 
2023-01-04T12:21:20.938Z | [32mhttp[39m: GET /api/request 304 - - 16.809 ms 
2023-01-04T12:22:40.714Z | [32mhttp[39m: OPTIONS /api/user/login 204 0 - 0.500 ms 
2023-01-04T12:22:40.872Z | [32mhttp[39m: POST /api/user/login 200 272 - 153.692 ms 
2023-01-04T12:22:40.946Z | [32mhttp[39m: GET /api/request 304 - - 25.329 ms 
2023-01-04T12:22:40.977Z | [32mhttp[39m: GET /api/request 304 - - 24.739 ms 
2023-01-04T12:23:10.521Z | [32mhttp[39m: GET /api/request 304 - - 32.370 ms 
2023-01-04T12:23:10.563Z | [32mhttp[39m: GET /api/request 304 - - 33.299 ms 
2023-01-04T12:24:22.486Z | [32mhttp[39m: OPTIONS /api/user/login 204 0 - 0.157 ms 
2023-01-04T12:24:22.567Z | [32mhttp[39m: POST /api/user/login 200 272 - 78.700 ms 
2023-01-04T12:24:22.605Z | [32mhttp[39m: GET /api/request 304 - - 16.484 ms 
2023-01-04T12:24:22.628Z | [32mhttp[39m: GET /api/request 304 - - 18.588 ms 
2023-01-04T12:24:48.250Z | [32mhttp[39m: GET /api/request 304 - - 17.458 ms 
2023-01-04T12:24:48.269Z | [32mhttp[39m: GET /api/request 304 - - 12.847 ms 
2023-01-04T13:17:44.671Z | [32mhttp[39m: OPTIONS /api/user/login 204 0 - 0.424 ms 
2023-01-04T13:17:44.750Z | [32mhttp[39m: POST /api/user/login 200 272 - 76.467 ms 
2023-01-04T13:17:46.513Z | [32mhttp[39m: GET /api/request 304 - - 24.402 ms 
2023-01-04T13:17:46.535Z | [32mhttp[39m: GET /api/request 304 - - 17.386 ms 
2023-01-04T13:18:34.429Z | [32mhttp[39m: GET /api/request 304 - - 12.622 ms 
2023-01-04T13:18:34.457Z | [32mhttp[39m: GET /api/request 304 - - 14.124 ms 
2023-01-04T13:18:45.825Z | [32mhttp[39m: GET /api/request 304 - - 12.577 ms 
2023-01-04T13:18:45.842Z | [32mhttp[39m: GET /api/request 304 - - 12.932 ms 
2023-01-04T13:19:19.921Z | [32mhttp[39m: GET /api/request 304 - - 15.205 ms 
2023-01-04T13:19:19.994Z | [32mhttp[39m: GET /api/request 304 - - 12.030 ms 
2023-01-04T13:19:24.813Z | [32mhttp[39m: GET /api/request 304 - - 16.677 ms 
2023-01-04T13:19:24.835Z | [32mhttp[39m: GET /api/request 304 - - 18.075 ms 
2023-01-04T13:20:39.071Z | [32mhttp[39m: GET /api/request 304 - - 21.725 ms 
2023-01-04T13:20:39.090Z | [32mhttp[39m: GET /api/request 304 - - 14.012 ms 
2023-01-04T13:21:20.219Z | [32mhttp[39m: GET /api/request 304 - - 10.624 ms 
2023-01-04T13:21:20.237Z | [32mhttp[39m: GET /api/request 304 - - 9.107 ms 
2023-01-04T13:21:41.728Z | [32mhttp[39m: GET /api/request 304 - - 16.056 ms 
2023-01-04T13:21:41.743Z | [32mhttp[39m: GET /api/request 304 - - 10.725 ms 
2023-01-04T13:21:53.305Z | [32mhttp[39m: GET /api/request 304 - - 9.421 ms 
2023-01-04T13:21:53.313Z | [32mhttp[39m: GET /api/request 304 - - 6.056 ms 
2023-01-04T13:22:12.231Z | [32mhttp[39m: GET /api/request 304 - - 9.519 ms 
2023-01-04T13:22:12.245Z | [32mhttp[39m: GET /api/request 304 - - 8.667 ms 
2023-01-04T13:22:32.117Z | [32mhttp[39m: GET /api/request 304 - - 11.343 ms 
2023-01-04T13:22:32.128Z | [32mhttp[39m: GET /api/request 304 - - 6.425 ms 
2023-01-04T13:22:45.466Z | [32mhttp[39m: GET /api/request 304 - - 13.952 ms 
2023-01-04T13:22:45.476Z | [32mhttp[39m: GET /api/request 304 - - 6.972 ms 
2023-01-04T13:23:02.268Z | [32mhttp[39m: GET /api/request 304 - - 12.532 ms 
2023-01-04T13:23:02.283Z | [32mhttp[39m: GET /api/request 304 - - 8.456 ms 
2023-01-04T16:37:00.142Z | [32mhttp[39m: OPTIONS /api/user/login 204 0 - 7.400 ms 
2023-01-04T16:37:00.533Z | [32mhttp[39m: POST /api/user/login 200 272 - 365.614 ms 
2023-01-04T16:37:06.841Z | [32mhttp[39m: GET /api/request 304 - - 39.430 ms 
2023-01-04T16:37:06.863Z | [32mhttp[39m: GET /api/request 304 - - 17.613 ms 
2023-01-05T07:38:32.259Z | [32mhttp[39m: OPTIONS /api/user/login 204 0 - 1.608 ms 
2023-01-05T07:38:32.381Z | [32mhttp[39m: POST /api/user/login 200 272 - 117.507 ms 
2023-01-05T07:38:46.055Z | [32mhttp[39m: OPTIONS /api/request 204 0 - 0.312 ms 
2023-01-05T07:38:46.087Z | [32mhttp[39m: GET /api/request 304 - - 27.633 ms 
2023-01-05T07:38:46.104Z | [32mhttp[39m: GET /api/request 304 - - 14.485 ms 
2023-01-24T10:05:07.698Z | [32mhttp[39m: OPTIONS /api/user/login 204 0 - 4.429 ms 
2023-01-24T10:05:07.927Z | [32mhttp[39m: POST /api/user/login 200 272 - 221.163 ms 
2023-01-24T10:06:19.687Z | [32mhttp[39m: OPTIONS /api/request 204 0 - 0.329 ms 
2023-01-24T10:06:19.893Z | [32mhttp[39m: POST /api/request 200 168 - 199.598 ms 
2023-01-24T10:24:09.174Z | [32mhttp[39m: OPTIONS /api/user/login 204 0 - 0.454 ms 
2023-01-24T10:24:09.342Z | [32mhttp[39m: POST /api/user/login 200 271 - 165.218 ms 
2023-01-24T10:24:09.381Z | [32mhttp[39m: OPTIONS /api/request 204 0 - 0.599 ms 
2023-01-24T10:24:09.402Z | [32mhttp[39m: GET /api/request 200 4951 - 18.069 ms 
2023-01-24T10:24:09.415Z | [32mhttp[39m: GET /api/request 304 - - 8.979 ms 
2023-01-24T10:24:56.153Z | [32mhttp[39m: OPTIONS /api/request 204 0 - 1.045 ms 
2023-01-24T10:24:56.176Z | [32mhttp[39m: POST /api/request 200 172 - 17.508 ms 
2023-01-24T10:26:21.868Z | [32mhttp[39m: OPTIONS /api/request 204 0 - 0.595 ms 
2023-01-24T10:26:21.874Z | [32mhttp[39m: OPTIONS /api/request 204 0 - 1.321 ms 
2023-01-24T10:26:21.893Z | [32mhttp[39m: GET /api/request 200 2216 - 15.799 ms 
2023-01-24T10:26:21.910Z | [32mhttp[39m: GET /api/request 304 - - 13.799 ms 
2023-01-24T10:26:34.573Z | [32mhttp[39m: OPTIONS /api/request 204 0 - 0.296 ms 
2023-01-24T10:26:34.582Z | [32mhttp[39m: OPTIONS /api/request 204 0 - 0.214 ms 
2023-01-24T10:26:34.588Z | [32mhttp[39m: GET /api/request 304 - - 12.345 ms 
2023-01-24T10:26:34.600Z | [32mhttp[39m: GET /api/request 304 - - 9.187 ms 
2023-01-24T10:26:50.734Z | [32mhttp[39m: OPTIONS /api/user/login 204 0 - 0.310 ms 
2023-01-24T10:26:50.890Z | [32mhttp[39m: POST /api/user/login 200 271 - 152.417 ms 
2023-01-24T10:26:50.919Z | [32mhttp[39m: OPTIONS /api/request 204 0 - 0.184 ms 
2023-01-24T10:26:50.927Z | [32mhttp[39m: GET /api/request 200 2216 - 5.778 ms 
2023-01-24T10:26:50.936Z | [32mhttp[39m: GET /api/request 304 - - 6.709 ms 
2023-01-24T10:27:06.998Z | [32mhttp[39m: OPTIONS /api/request 204 0 - 0.151 ms 
2023-01-24T10:27:07.010Z | [32mhttp[39m: GET /api/request 304 - - 9.075 ms 
2023-01-24T10:27:07.021Z | [32mhttp[39m: GET /api/request 304 - - 7.119 ms 
2023-01-24T10:28:09.883Z | [32mhttp[39m: OPTIONS /api/request 204 0 - 0.283 ms 
2023-01-24T10:28:09.896Z | [32mhttp[39m: GET /api/request 200 292 - 9.127 ms 
2023-01-24T10:28:09.906Z | [32mhttp[39m: GET /api/request 304 - - 6.092 ms 
2023-01-24T10:28:25.683Z | [32mhttp[39m: OPTIONS /api/request 204 0 - 0.648 ms 
2023-01-24T10:28:25.698Z | [32mhttp[39m: POST /api/request 200 169 - 11.119 ms 
2023-01-24T10:29:05.599Z | [32mhttp[39m: OPTIONS /api/request 204 0 - 0.335 ms 
2023-01-24T10:29:05.614Z | [32mhttp[39m: GET /api/request 200 452 - 7.040 ms 
2023-01-24T10:29:05.622Z | [32mhttp[39m: GET /api/request 304 - - 5.721 ms 
2023-01-24T10:32:19.102Z | [32mhttp[39m: OPTIONS /api/request 204 0 - 0.262 ms 
2023-01-24T10:32:19.114Z | [32mhttp[39m: GET /api/request 304 - - 7.664 ms 
2023-01-24T10:32:19.130Z | [32mhttp[39m: GET /api/request 304 - - 12.973 ms 
2023-01-24T10:34:21.757Z | [32mhttp[39m: OPTIONS /api/user/login 204 0 - 0.128 ms 
2023-01-24T10:34:21.842Z | [32mhttp[39m: POST /api/user/login 200 271 - 82.329 ms 
2023-01-24T10:34:21.868Z | [32mhttp[39m: OPTIONS /api/request 204 0 - 0.299 ms 
2023-01-24T10:34:21.878Z | [32mhttp[39m: GET /api/request 304 - - 6.096 ms 
2023-01-24T10:34:21.891Z | [32mhttp[39m: GET /api/request 304 - - 9.224 ms 
2023-01-24T10:34:57.874Z | [32mhttp[39m: OPTIONS /api/request 204 0 - 0.734 ms 
2023-01-24T10:34:57.890Z | [32mhttp[39m: POST /api/request 200 169 - 12.067 ms 
2023-01-24T10:35:01.492Z | [32mhttp[39m: GET /api/request 200 612 - 6.080 ms 
2023-01-24T10:35:01.501Z | [32mhttp[39m: GET /api/request 304 - - 5.208 ms 
2023-04-04T12:47:57.003Z | [32mhttp[39m: OPTIONS /api/user/login 204 0 - 2.375 ms 
2023-04-04T12:47:57.188Z | [32mhttp[39m: POST /api/user/login 200 271 - 180.048 ms 
2023-04-04T12:47:57.236Z | [32mhttp[39m: OPTIONS /api/request 204 0 - 0.196 ms 
2023-04-04T12:47:57.297Z | [32mhttp[39m: GET /api/request 200 612 - 56.389 ms 
2023-04-04T12:47:57.307Z | [32mhttp[39m: GET /api/request 304 - - 6.943 ms 
2023-04-04T12:49:05.917Z | [32mhttp[39m: OPTIONS /api/request 204 0 - 0.196 ms 
2023-04-04T12:49:05.921Z | [32mhttp[39m: OPTIONS /api/request 204 0 - 0.304 ms 
2023-04-04T12:49:05.933Z | [32mhttp[39m: GET /api/request 304 - - 7.924 ms 
2023-04-04T12:49:05.943Z | [32mhttp[39m: GET /api/request 304 - - 6.130 ms 
2023-04-04T12:49:13.150Z | [32mhttp[39m: OPTIONS /api/request 204 0 - 0.756 ms 
2023-04-04T12:49:13.154Z | [32mhttp[39m: OPTIONS /api/request 204 0 - 0.174 ms 
2023-04-04T12:49:13.167Z | [32mhttp[39m: GET /api/request 304 - - 8.207 ms 
2023-04-04T12:49:13.179Z | [32mhttp[39m: GET /api/request 304 - - 8.838 ms 
2023-04-04T12:49:43.757Z | [32mhttp[39m: OPTIONS /api/request 204 0 - 0.184 ms 
2023-04-04T12:49:43.766Z | [32mhttp[39m: GET /api/request 304 - - 3.968 ms 
2023-04-04T12:49:43.773Z | [32mhttp[39m: GET /api/request 304 - - 4.922 ms 
2023-04-04T12:49:47.132Z | [32mhttp[39m: GET /api/request 304 - - 13.810 ms 
2023-04-04T12:49:47.140Z | [32mhttp[39m: GET /api/request 304 - - 6.416 ms 
2023-04-04T13:02:50.727Z | [32mhttp[39m: OPTIONS /api/request 204 0 - 0.499 ms 
2023-04-04T13:02:50.740Z | [32mhttp[39m: GET /api/request 304 - - 6.706 ms 
2023-04-04T13:02:50.747Z | [32mhttp[39m: GET /api/request 304 - - 5.037 ms 
2023-04-04T13:03:00.364Z | [32mhttp[39m: OPTIONS /api/request 204 0 - 0.341 ms 
2023-04-04T13:03:00.378Z | [32mhttp[39m: GET /api/request 304 - - 7.115 ms 
2023-04-04T13:03:00.391Z | [32mhttp[39m: GET /api/request 304 - - 9.719 ms 
2023-04-04T13:05:01.358Z | [32mhttp[39m: OPTIONS /api/request 204 0 - 0.217 ms 
2023-04-04T13:05:01.369Z | [32mhttp[39m: GET /api/request 304 - - 4.267 ms 
2023-04-04T13:05:01.376Z | [32mhttp[39m: GET /api/request 304 - - 5.232 ms 
2023-04-04T13:08:20.199Z | [32mhttp[39m: OPTIONS /api/request 204 0 - 0.191 ms 
2023-04-04T13:08:20.205Z | [32mhttp[39m: OPTIONS /api/request 204 0 - 0.190 ms 
2023-04-04T13:08:20.214Z | [32mhttp[39m: GET /api/request 304 - - 4.548 ms 
2023-04-04T13:08:20.222Z | [32mhttp[39m: GET /api/request 304 - - 5.077 ms 
2023-04-04T13:08:55.409Z | [32mhttp[39m: OPTIONS /api/request 204 0 - 0.276 ms 
2023-04-04T13:08:55.429Z | [32mhttp[39m: GET /api/request 304 - - 7.169 ms 
2023-04-04T13:08:55.440Z | [32mhttp[39m: GET /api/request 304 - - 8.094 ms 
2023-08-02T11:43:34.078Z | [32mhttp[39m: OPTIONS /api/user/login 204 0 - 9.557 ms 
2023-08-02T11:43:34.790Z | [32mhttp[39m: POST /api/user/login 200 271 - 696.135 ms 
2023-08-02T11:43:34.871Z | [32mhttp[39m: OPTIONS /api/request 204 0 - 0.394 ms 
2023-08-02T11:43:34.876Z | [32mhttp[39m: OPTIONS /api/request 204 0 - 0.343 ms 
2023-08-02T11:43:35.013Z | [32mhttp[39m: GET /api/request 200 612 - 132.873 ms 
2023-08-02T11:43:35.035Z | [32mhttp[39m: GET /api/request 304 - - 16.604 ms 
2023-08-02T11:43:56.216Z | [32mhttp[39m: OPTIONS /api/user/login 204 0 - 4.724 ms 
2023-08-02T11:43:56.404Z | [32mhttp[39m: POST /api/user/login 200 271 - 181.481 ms 
2023-08-02T11:43:56.487Z | [32mhttp[39m: OPTIONS /api/request 204 0 - 0.421 ms 
2023-08-02T11:43:56.508Z | [32mhttp[39m: GET /api/request 304 - - 12.062 ms 
2023-08-02T11:43:56.523Z | [32mhttp[39m: GET /api/request 304 - - 9.736 ms 
2023-08-02T11:47:59.283Z | [32mhttp[39m: OPTIONS /api/user/login 204 0 - 6.972 ms 
2023-08-02T11:47:59.639Z | [32mhttp[39m: POST /api/user/login 200 271 - 338.508 ms 
2023-08-02T11:47:59.810Z | [32mhttp[39m: OPTIONS /api/request 204 0 - 0.903 ms 
2023-08-02T11:47:59.844Z | [32mhttp[39m: OPTIONS /api/request 204 0 - 1.142 ms 
2023-08-02T11:47:59.930Z | [32mhttp[39m: GET /api/request 304 - - 57.869 ms 
2023-08-02T11:47:59.960Z | [32mhttp[39m: GET /api/request 304 - - 21.634 ms 
2023-08-09T12:56:03.514Z | [31merror[39m: /users not found 
2023-08-09T12:56:03.536Z | [32mhttp[39m: GET /users 404 57 - 20.504 ms 
2023-08-09T13:01:27.960Z | [31merror[39m: /user not found 
2023-08-09T13:01:27.985Z | [32mhttp[39m: GET /user 404 56 - 22.855 ms 
2023-08-09T13:04:38.750Z | [31merror[39m: /user not found 
2023-08-09T13:04:38.830Z | [32mhttp[39m: GET /user 404 56 - 65.689 ms 
2023-08-09T13:04:38.970Z | [31merror[39m: /favicon.ico not found 
2023-08-09T13:04:38.975Z | [32mhttp[39m: GET /favicon.ico 404 63 - 3.921 ms 
2023-08-09T13:05:58.119Z | [31merror[39m: /user not found 
2023-08-09T13:05:58.155Z | [32mhttp[39m: GET /user 404 56 - 42.819 ms 
2023-08-09T13:07:06.303Z | [31merror[39m: /user not found 
2023-08-09T13:07:06.328Z | [32mhttp[39m: GET /user 404 56 - 25.562 ms 
2023-08-09T13:08:58.230Z | [31merror[39m: /user not found 
2023-08-09T13:08:58.268Z | [32mhttp[39m: GET /user 404 56 - 33.362 ms 
2023-08-09T13:09:58.682Z | [31merror[39m: Cannot read properties of undefined (reading 'id') 
2023-08-09T13:09:58.717Z | [32mhttp[39m: GET /api/user 500 91 - 50.456 ms 
2023-08-09T13:10:46.561Z | [31merror[39m: Cannot read properties of undefined (reading 'id') 
2023-08-09T13:10:46.619Z | [32mhttp[39m: GET /api/user 500 91 - 68.542 ms 
2023-08-09T13:12:17.937Z | [31merror[39m: Cannot read properties of undefined (reading 'id') 
2023-08-09T13:12:18.011Z | [32mhttp[39m: GET /api/user 500 91 - 79.078 ms 
2023-08-09T13:13:36.016Z | [31merror[39m: Cannot read properties of undefined (reading 'id') 
2023-08-09T13:13:36.170Z | [32mhttp[39m: GET /api/user 500 91 - 181.294 ms 
2023-08-09T13:14:15.036Z | [31merror[39m: Cannot read properties of undefined (reading 'id') 
2023-08-09T13:14:15.078Z | [32mhttp[39m: GET /api/user 500 91 - 48.217 ms 
2023-08-09T13:23:25.364Z | [32mhttp[39m: OPTIONS /api/user/login 204 0 - 6.406 ms 
2023-08-09T13:23:25.981Z | [32mhttp[39m: POST /api/user/login 200 271 - 604.448 ms 
2023-08-09T13:23:26.169Z | [32mhttp[39m: OPTIONS /api/request 204 0 - 0.656 ms 
2023-08-09T13:23:26.330Z | [32mhttp[39m: GET /api/request 200 612 - 142.082 ms 
2023-08-09T13:23:26.343Z | [32mhttp[39m: GET /api/request 304 - - 9.486 ms 
2023-08-09T13:26:39.522Z | [31merror[39m: Cannot read properties of undefined (reading 'id') 
2023-08-09T13:26:39.671Z | [32mhttp[39m: GET /api/user 500 91 - 162.234 ms 
2023-08-09T13:29:08.731Z | [31merror[39m: Cannot read properties of undefined (reading 'id') 
2023-08-09T13:29:08.894Z | [32mhttp[39m: GET /api/user 500 91 - 173.996 ms 
2023-08-09T13:30:33.304Z | [31merror[39m: No token, authorization denied 
2023-08-09T13:30:33.326Z | [32mhttp[39m: GET /api/user 400 71 - 17.535 ms 
2023-08-09T13:32:28.592Z | [31merror[39m: No token, authorization denied 
2023-08-09T13:32:28.616Z | [32mhttp[39m: GET /api/user 400 71 - 16.137 ms 
2023-08-09T13:33:27.904Z | [31merror[39m: No token, authorization denied 
2023-08-09T13:33:27.923Z | [32mhttp[39m: GET /api/user 400 71 - 15.572 ms 
2023-08-09T15:27:38.578Z | [31merror[39m: No token, authorization denied 
2023-08-09T15:27:38.643Z | [32mhttp[39m: GET /api/user 400 71 - 44.197 ms 
2023-08-09T15:28:50.577Z | [31merror[39m: No token, authorization denied 
2023-08-09T15:28:50.820Z | [32mhttp[39m: GET /api/user 400 71 - 28.504 ms 
2023-08-09T15:31:56.283Z | [31merror[39m: Token not valid 
2023-08-09T15:31:56.319Z | [32mhttp[39m: GET /api/user 400 56 - 44.552 ms 
2023-08-09T15:32:50.935Z | [31merror[39m: Cannot read properties of undefined (reading 'user') 
2023-08-09T15:32:51.034Z | [32mhttp[39m: GET /api/user 500 93 - 104.272 ms 
2023-08-10T13:20:25.835Z | [31merror[39m: Cannot read properties of undefined (reading 'id') 
2023-08-10T13:20:25.901Z | [32mhttp[39m: GET /api/user 500 91 - 77.565 ms 
2023-08-10T13:28:21.218Z | [31merror[39m: Token not valid 
2023-08-10T13:28:21.243Z | [32mhttp[39m: GET /api/user 400 56 - 34.370 ms 
2023-08-10T13:30:11.053Z | [31merror[39m: Token not valid 
2023-08-10T13:30:11.097Z | [32mhttp[39m: GET /api/user 400 56 - 217.234 ms 
2023-08-10T13:32:04.316Z | [31merror[39m: Token not valid 
2023-08-10T13:32:04.365Z | [32mhttp[39m: GET /api/user 400 56 - 146.657 ms 
2023-08-10T13:33:33.714Z | [31merror[39m: /api/user not found 
2023-08-10T13:33:33.742Z | [32mhttp[39m: GET /api/user 404 60 - 45.278 ms 
2023-08-10T13:35:14.685Z | [31merror[39m: /api/user not found 
2023-08-10T13:35:14.698Z | [32mhttp[39m: GET /api/user 404 60 - 34.353 ms 
2023-08-10T13:36:16.312Z | [31merror[39m: /api/user not found 
2023-08-10T13:36:16.343Z | [32mhttp[39m: GET /api/user 404 60 - 61.476 ms 
2023-08-10T13:38:00.874Z | [31merror[39m: /api/user not found 
2023-08-10T13:38:00.894Z | [32mhttp[39m: GET /api/user 404 60 - 41.988 ms 
2023-08-10T13:39:23.437Z | [31merror[39m: /api/user not found 
2023-08-10T13:39:23.476Z | [32mhttp[39m: GET /api/user 404 60 - 60.514 ms 
2023-08-10T13:40:53.285Z | [31merror[39m: /api/user not found 
2023-08-10T13:40:53.336Z | [32mhttp[39m: GET /api/user 404 60 - 85.440 ms 
2023-08-11T07:08:12.043Z | [31merror[39m: /api/user not found 
2023-08-11T07:08:12.066Z | [32mhttp[39m: GET /api/user 404 60 - 58.520 ms 
2023-08-11T07:09:39.723Z | [31merror[39m: /api/user not found 
2023-08-11T07:09:39.734Z | [32mhttp[39m: GET /api/user 404 60 - 26.987 ms 
2023-08-11T07:10:33.370Z | [31merror[39m: /api/user not found 
2023-08-11T07:10:33.402Z | [32mhttp[39m: GET /api/user 404 60 - 74.861 ms 
2023-08-11T07:14:01.838Z | [31merror[39m: /api/user not found 
2023-08-11T07:14:01.880Z | [32mhttp[39m: GET /api/user 404 60 - 74.742 ms 
2023-08-11T07:16:18.589Z | [31merror[39m: User 1 doesn't exist 
2023-08-11T07:16:18.610Z | [32mhttp[39m: GET /api/user 404 61 - 38.788 ms 
2023-08-11T07:17:45.154Z | [32mhttp[39m: GET /api/user 200 67 - 35.581 ms 
2023-08-11T07:18:59.281Z | [32mhttp[39m: GET /api/user 200 67 - 51.549 ms 
2023-08-11T07:20:32.205Z | [32mhttp[39m: GET /api/user 200 81 - 30.458 ms 
2023-08-11T09:47:13.129Z | [32mhttp[39m: GET /api/user 200 81 - 31.930 ms 
2023-08-11T09:50:11.325Z | [32mhttp[39m: GET /api/user 200 81 - 45.371 ms 
2023-08-11T09:50:11.400Z | [32mhttp[39m: GET /api/user/me 200 111 - 5.687 ms 
2023-08-11T09:51:16.146Z | [32mhttp[39m: GET /api/user 200 81 - 27.305 ms 
2023-08-11T09:51:16.205Z | [32mhttp[39m: GET /api/user/me 200 111 - 4.016 ms 
2023-08-11T09:52:05.149Z | [32mhttp[39m: GET /api/user 200 81 - 24.867 ms 
2023-08-11T09:52:05.198Z | [32mhttp[39m: GET /api/user/me 200 111 - 4.207 ms 
2023-08-11T09:57:25.506Z | [32mhttp[39m: GET /api/user 200 81 - 41.978 ms 
2023-08-11T09:57:25.580Z | [32mhttp[39m: GET /api/user/me 200 111 - 7.588 ms 
2023-08-11T09:59:04.144Z | [32mhttp[39m: GET /api/user 200 81 - 31.131 ms 
2023-08-11T09:59:04.214Z | [32mhttp[39m: GET /api/user/me 200 111 - 8.117 ms 
2023-08-11T10:00:55.205Z | [32mhttp[39m: GET /api/user 200 81 - 38.179 ms 
2023-08-11T10:00:55.301Z | [32mhttp[39m: GET /api/user/me 200 111 - 6.944 ms 
2023-08-11T10:03:33.070Z | [32mhttp[39m: GET /api/user 200 138 - 42.555 ms 
2023-08-11T10:03:33.160Z | [32mhttp[39m: GET /api/user/me 200 168 - 6.755 ms 
2023-08-11T10:03:33.506Z | [32mhttp[39m: POST /api/user/login 200 236 - 322.008 ms 
2023-08-11T10:04:46.986Z | [32mhttp[39m: GET /api/user 200 138 - 42.723 ms 
2023-08-11T10:04:47.050Z | [32mhttp[39m: GET /api/user/me 200 168 - 8.139 ms 
2023-08-11T10:04:47.377Z | [32mhttp[39m: POST /api/user/login 200 236 - 297.373 ms 
2023-08-11T10:05:49.944Z | [32mhttp[39m: GET /api/user 200 138 - 28.360 ms 
2023-08-11T10:05:50.011Z | [32mhttp[39m: GET /api/user/me 200 168 - 6.514 ms 
2023-08-11T10:05:50.349Z | [32mhttp[39m: POST /api/user/login 200 236 - 315.990 ms 
2023-08-11T10:08:55.754Z | [32mhttp[39m: GET /api/user 200 138 - 19.294 ms 
2023-08-11T10:08:55.811Z | [32mhttp[39m: GET /api/user/me 200 168 - 3.217 ms 
2023-08-11T10:08:56.047Z | [32mhttp[39m: POST /api/user/login 200 236 - 219.490 ms 
2023-08-11T10:08:56.063Z | [31merror[39m: A user with username Raj already exists 
2023-08-11T10:08:56.066Z | [32mhttp[39m: POST /api/user 409 80 - 8.947 ms 
2023-08-11T10:10:23.727Z | [32mhttp[39m: GET /api/user 200 138 - 38.287 ms 
2023-08-11T10:10:23.786Z | [32mhttp[39m: GET /api/user/me 200 168 - 6.270 ms 
2023-08-11T10:10:24.118Z | [32mhttp[39m: POST /api/user/login 200 236 - 302.015 ms 
2023-08-11T10:10:24.142Z | [31merror[39m: A user with username Raj already exists 
2023-08-11T10:10:24.145Z | [32mhttp[39m: POST /api/user 409 80 - 12.658 ms 
2023-08-11T10:12:14.355Z | [32mhttp[39m: GET /api/user 200 138 - 29.282 ms 
2023-08-11T10:12:14.424Z | [32mhttp[39m: GET /api/user/me 200 168 - 6.166 ms 
2023-08-11T10:12:14.531Z | [31merror[39m: A user with username Raj already exists 
2023-08-11T10:12:14.536Z | [32mhttp[39m: POST /api/user 409 80 - 74.055 ms 
2023-08-11T10:14:19.325Z | [32mhttp[39m: GET /api/user 200 138 - 47.895 ms 
2023-08-11T10:14:19.422Z | [32mhttp[39m: GET /api/user/me 200 168 - 8.150 ms 
2023-08-11T10:14:19.837Z | [32mhttp[39m: POST /api/user/login 200 236 - 386.388 ms 
2023-08-11T10:14:19.900Z | [31merror[39m: A user with username Raj already exists 
2023-08-11T10:14:19.905Z | [32mhttp[39m: POST /api/user 409 80 - 18.376 ms 
2023-08-11T10:17:13.641Z | [32mhttp[39m: GET /api/user 200 138 - 31.509 ms 
2023-08-11T10:17:13.689Z | [32mhttp[39m: GET /api/user/me 200 168 - 4.075 ms 
2023-08-11T10:17:13.977Z | [32mhttp[39m: POST /api/user/login 200 236 - 265.095 ms 
2023-08-11T10:17:13.991Z | [31merror[39m: A user with username Raj already exists 
2023-08-11T10:17:13.994Z | [32mhttp[39m: POST /api/user 409 80 - 7.468 ms 
2023-08-11T10:18:12.900Z | [32mhttp[39m: GET /api/user 200 138 - 41.886 ms 
2023-08-11T10:18:12.980Z | [32mhttp[39m: GET /api/user/me 200 168 - 7.166 ms 
2023-08-11T10:18:13.284Z | [32mhttp[39m: POST /api/user/login 200 236 - 284.435 ms 
2023-08-11T10:18:13.302Z | [31merror[39m: A user with username Raj already exists 
2023-08-11T10:18:13.306Z | [32mhttp[39m: POST /api/user 409 80 - 9.229 ms 
2023-08-11T10:19:02.505Z | [32mhttp[39m: GET /api/user 200 138 - 33.918 ms 
2023-08-11T10:19:02.580Z | [32mhttp[39m: GET /api/user/me 200 168 - 5.575 ms 
2023-08-11T10:19:02.971Z | [32mhttp[39m: POST /api/user/login 200 236 - 359.199 ms 
2023-08-11T10:19:02.997Z | [31merror[39m: A user with username Raj already exists 
2023-08-11T10:19:03.002Z | [32mhttp[39m: POST /api/user 409 80 - 14.606 ms 
2023-08-11T11:44:34.392Z | [32mhttp[39m: GET /api/request 200 2 - 21.085 ms 
2023-08-11T11:48:06.921Z | [32mhttp[39m: GET /api/request 200 2 - 22.439 ms 
2023-08-11T11:49:09.138Z | [32mhttp[39m: GET /api/request 200 2 - 26.647 ms 
2023-08-11T13:13:53.080Z | [32mhttp[39m: GET /api/request 200 2 - 36.233 ms 
2023-08-11T13:13:53.244Z | [32mhttp[39m: GET /api/user 200 138 - 16.620 ms 
2023-08-11T13:13:53.277Z | [32mhttp[39m: GET /api/user/me 200 168 - 3.769 ms 
2023-08-11T13:13:53.718Z | [32mhttp[39m: POST /api/user/login 200 236 - 409.522 ms 
2023-08-11T13:13:53.763Z | [31merror[39m: A user with username Raj already exists 
2023-08-11T13:13:53.775Z | [32mhttp[39m: POST /api/user 409 80 - 28.250 ms 
2023-08-11T13:16:54.890Z | [32mhttp[39m: GET /api/request 200 2 - 11.378 ms 
2023-08-11T13:16:54.966Z | [32mhttp[39m: GET /api/user 200 138 - 11.488 ms 
2023-08-11T13:16:54.993Z | [32mhttp[39m: GET /api/user/me 200 168 - 6.462 ms 
2023-08-11T13:16:55.286Z | [32mhttp[39m: POST /api/user/login 200 236 - 274.538 ms 
2023-08-11T13:16:55.314Z | [31merror[39m: A user with username Raj already exists 
2023-08-11T13:16:55.326Z | [32mhttp[39m: POST /api/user 409 80 - 18.331 ms 
2023-08-11T13:19:38.392Z | [32mhttp[39m: GET /api/request 200 2 - 22.447 ms 
2023-08-11T13:19:38.463Z | [31merror[39m: Cannot read properties of undefined (reading 'id') 
2023-08-11T13:19:38.550Z | [32mhttp[39m: GET /api/request/1 500 91 - 91.487 ms 
2023-08-11T13:19:38.628Z | [32mhttp[39m: GET /api/user 200 138 - 14.374 ms 
2023-08-11T13:19:38.652Z | [32mhttp[39m: GET /api/user/me 200 168 - 5.493 ms 
2023-08-11T13:19:38.971Z | [32mhttp[39m: POST /api/user/login 200 236 - 297.079 ms 
2023-08-11T13:19:39.009Z | [31merror[39m: A user with username Raj already exists 
2023-08-11T13:19:39.013Z | [32mhttp[39m: POST /api/user 409 80 - 12.439 ms 
2023-08-11T13:20:50.843Z | [32mhttp[39m: GET /api/request 200 2 - 24.637 ms 
2023-08-11T13:20:50.935Z | [32mhttp[39m: GET /api/request/1 200 2 - 7.832 ms 
2023-08-11T13:20:51.026Z | [32mhttp[39m: GET /api/user 200 138 - 18.486 ms 
2023-08-11T13:20:51.057Z | [32mhttp[39m: GET /api/user/me 200 168 - 3.579 ms 
2023-08-11T13:20:51.360Z | [32mhttp[39m: POST /api/user/login 200 236 - 277.200 ms 
2023-08-11T13:20:51.384Z | [31merror[39m: A user with username Raj already exists 
2023-08-11T13:20:51.389Z | [32mhttp[39m: POST /api/user 409 80 - 13.609 ms 
2023-08-11T13:22:41.859Z | [32mhttp[39m: GET /api/request 200 2 - 40.227 ms 
2023-08-11T13:22:41.941Z | [32mhttp[39m: GET /api/request/1 200 2 - 7.522 ms 
2023-08-11T13:22:42.037Z | [31merror[39m: /api/request/1 not found 
2023-08-11T13:22:42.041Z | [32mhttp[39m: POST /api/request/1 404 65 - 71.149 ms 
2023-08-11T13:22:42.176Z | [32mhttp[39m: GET /api/user 200 138 - 15.297 ms 
2023-08-11T13:22:42.223Z | [32mhttp[39m: GET /api/user/me 200 168 - 10.176 ms 
2023-08-11T13:22:42.488Z | [32mhttp[39m: POST /api/user/login 200 236 - 243.745 ms 
2023-08-11T13:22:42.506Z | [31merror[39m: A user with username Raj already exists 
2023-08-11T13:22:42.511Z | [32mhttp[39m: POST /api/user 409 80 - 7.492 ms 
2023-08-11T13:23:31.605Z | [32mhttp[39m: GET /api/request 200 2 - 32.288 ms 
2023-08-11T13:23:31.712Z | [32mhttp[39m: GET /api/request/1 200 2 - 11.381 ms 
2023-08-11T13:23:31.826Z | [32mhttp[39m: POST /api/request 200 12 - 82.865 ms 
2023-08-11T13:23:31.937Z | [32mhttp[39m: GET /api/user 200 138 - 22.115 ms 
2023-08-11T13:23:31.974Z | [32mhttp[39m: GET /api/user/me 200 168 - 6.283 ms 
2023-08-11T13:23:32.317Z | [32mhttp[39m: POST /api/user/login 200 236 - 315.027 ms 
2023-08-11T13:23:32.407Z | [31merror[39m: A user with username Raj already exists 
2023-08-11T13:23:32.433Z | [32mhttp[39m: POST /api/user 409 80 - 48.326 ms 
2023-08-11T13:25:06.975Z | [32mhttp[39m: GET /api/request 200 2 - 24.273 ms 
2023-08-11T13:25:07.042Z | [32mhttp[39m: GET /api/request/1 200 2 - 5.991 ms 
2023-08-11T13:25:07.175Z | [32mhttp[39m: POST /api/request 200 12 - 79.595 ms 
2023-08-11T13:25:07.245Z | [32mhttp[39m: GET /api/user 200 138 - 19.824 ms 
2023-08-11T13:25:07.281Z | [32mhttp[39m: GET /api/user/me 200 168 - 10.237 ms 
2023-08-11T13:25:07.605Z | [32mhttp[39m: POST /api/user/login 200 236 - 292.118 ms 
2023-08-11T13:25:07.628Z | [31merror[39m: A user with username Raj already exists 
2023-08-11T13:25:07.632Z | [32mhttp[39m: POST /api/user 409 80 - 9.801 ms 
2023-08-21T13:41:11.978Z | [32mhttp[39m: GET /api/request/1 200 2 - 7.663 ms 
2023-08-21T13:41:12.045Z | [32mhttp[39m: POST /api/request 200 12 - 45.016 ms 
2023-08-21T13:41:12.069Z | [32mhttp[39m: GET /api/user 200 138 - 3.669 ms 
2023-08-21T13:41:12.084Z | [32mhttp[39m: GET /api/user/me 200 168 - 1.151 ms 
2023-08-21T13:41:12.185Z | [32mhttp[39m: POST /api/user/login 200 236 - 91.438 ms 
2023-08-21T13:41:12.196Z | [31merror[39m: A user with username Raj already exists 
2023-08-21T13:41:12.200Z | [32mhttp[39m: POST /api/user 409 80 - 9.180 ms 
